<?xml version="1.0" encoding="UTF-8"?>
<testsuite name="ru.vadimborisov.LabelsTest" tests="1" skipped="0" failures="0" errors="0" timestamp="2024-11-30T06:56:36" hostname="VADIM" time="0.088">
  <properties/>
  <testcase name="Create Issue for authorize user" classname="ru.vadimborisov.LabelsTest" time="0.088"/>
  <system-out><![CDATA[]]></system-out>
  <system-err><![CDATA[]]></system-err>
</testsuite>
